<?xml version="1.0" encoding="UTF-8"?>
<!-- Generated by org.testng.reporters.JUnitXMLReporter -->
<testsuite hostname="DESKTOP-JVSNV2H" ignored="0" name="ChromeTest" tests="6" failures="0" timestamp="15 Apr 2019 07:15:12 GMT" time="75.053" errors="0">
  <testcase name="testDisplayText" time="7.721" classname="mobile.TestSelendroid"/>
  <testcase name="testLabel" time="0.059" classname="mobile.TestSelendroid"/>
  <testcase name="testRegistration" time="0.05" classname="mobile.TestSelendroid"/>
  <testcase name="testToast" time="0.001" classname="mobile.TestSelendroid"/>
  <testcase name="testWaitingProgressBar" time="52.288" classname="mobile.TestSelendroid"/>
  <testcase name="testWebView" time="0.001" classname="mobile.TestSelendroid"/>
</testsuite> <!-- ChromeTest -->
