<?xml version="1.0" encoding="UTF-8"?>
<testng-results skipped="0" failed="0" ignored="0" total="6" passed="6">
  <reporter-output>
  </reporter-output>
  <suite name="Suite" duration-ms="75053" started-at="2019-04-15T07:13:57Z" finished-at="2019-04-15T07:15:12Z">
    <groups>
    </groups>
    <test name="ChromeTest" duration-ms="75053" started-at="2019-04-15T07:13:57Z" finished-at="2019-04-15T07:15:12Z">
      <class name="mobile.TestSelendroid">
        <test-method status="PASS" signature="Setup()[pri:0, instance:mobile.TestSelendroid@2344fc66]" name="Setup" is-config="true" duration-ms="12535" started-at="2019-04-15T07:13:57Z" finished-at="2019-04-15T07:14:09Z">
          <reporter-output>
          </reporter-output>
        </test-method> <!-- Setup -->
        <test-method status="PASS" signature="testDisplayText()[pri:0, instance:mobile.TestSelendroid@2344fc66]" name="testDisplayText" duration-ms="7721" started-at="2019-04-15T07:14:09Z" finished-at="2019-04-15T07:14:17Z">
          <reporter-output>
          </reporter-output>
        </test-method> <!-- testDisplayText -->
        <test-method status="PASS" signature="testLabel()[pri:0, instance:mobile.TestSelendroid@2344fc66]" name="testLabel" duration-ms="59" started-at="2019-04-15T07:14:17Z" finished-at="2019-04-15T07:14:17Z">
          <reporter-output>
          </reporter-output>
        </test-method> <!-- testLabel -->
        <test-method status="PASS" signature="testRegistration()[pri:0, instance:mobile.TestSelendroid@2344fc66]" name="testRegistration" duration-ms="50" started-at="2019-04-15T07:14:17Z" finished-at="2019-04-15T07:14:17Z">
          <reporter-output>
          </reporter-output>
        </test-method> <!-- testRegistration -->
        <test-method status="PASS" signature="testToast()[pri:0, instance:mobile.TestSelendroid@2344fc66]" name="testToast" duration-ms="1" started-at="2019-04-15T07:14:17Z" finished-at="2019-04-15T07:14:17Z">
          <reporter-output>
          </reporter-output>
        </test-method> <!-- testToast -->
        <test-method status="PASS" signature="testWaitingProgressBar()[pri:0, instance:mobile.TestSelendroid@2344fc66]" name="testWaitingProgressBar" duration-ms="52288" started-at="2019-04-15T07:14:17Z" finished-at="2019-04-15T07:15:09Z">
          <reporter-output>
          </reporter-output>
        </test-method> <!-- testWaitingProgressBar -->
        <test-method status="PASS" signature="testWebView()[pri:0, instance:mobile.TestSelendroid@2344fc66]" name="testWebView" duration-ms="1" started-at="2019-04-15T07:15:09Z" finished-at="2019-04-15T07:15:09Z">
          <reporter-output>
          </reporter-output>
        </test-method> <!-- testWebView -->
        <test-method status="PASS" signature="close()[pri:0, instance:mobile.TestSelendroid@2344fc66]" name="close" is-config="true" duration-ms="2384" started-at="2019-04-15T07:15:09Z" finished-at="2019-04-15T07:15:12Z">
          <reporter-output>
          </reporter-output>
        </test-method> <!-- close -->
      </class> <!-- mobile.TestSelendroid -->
    </test> <!-- ChromeTest -->
  </suite> <!-- Suite -->
</testng-results>
